#! /usr/local/bin/vvp
:ivl_version "12.0 (stable)";
:ivl_delay_selection "TYPICAL";
:vpi_time_precision - 12;
:vpi_module "/usr/local/lib/ivl/system.vpi";
:vpi_module "/usr/local/lib/ivl/vhdl_sys.vpi";
:vpi_module "/usr/local/lib/ivl/vhdl_textio.vpi";
:vpi_module "/usr/local/lib/ivl/v2005_math.vpi";
:vpi_module "/usr/local/lib/ivl/va_math.vpi";
:vpi_module "/usr/local/lib/ivl/v2009.vpi";
S_0x158e5490 .scope package, "$unit" "$unit" 2 1;
 .timescale 0 0;
S_0x158e5620 .scope module, "tb_fir_filter" "tb_fir_filter" 3 4;
 .timescale -9 -12;
v0x158f99c0_0 .var "clk", 0 0;
v0x158f9ab0_0 .var "reset", 0 0;
v0x158f9b80_0 .var "x_in", 7 0;
v0x158f9c80_0 .net "y_out", 15 0, v0x158f9860_0;  1 drivers
S_0x158be580 .scope module, "uut" "fir_filter" 3 11, 4 3 0, S_0x158e5620;
 .timescale -9 -12;
    .port_info 0 /INPUT 1 "clk";
    .port_info 1 /INPUT 1 "reset";
    .port_info 2 /INPUT 8 "x_in";
    .port_info 3 /OUTPUT 16 "y_out";
P_0x158be760 .param/l "h0" 0 4 11, +C4<00000000000000000000000000000001>;
P_0x158be7a0 .param/l "h1" 0 4 11, +C4<00000000000000000000000000000010>;
P_0x158be7e0 .param/l "h2" 0 4 11, +C4<00000000000000000000000000000001>;
v0x158e31d0_0 .net "clk", 0 0, v0x158f99c0_0;  1 drivers
v0x158f93c0_0 .net "reset", 0 0, v0x158f9ab0_0;  1 drivers
v0x158f9480_0 .net "x_in", 7 0, v0x158f9b80_0;  1 drivers
v0x158f9570_0 .var "x_reg0", 7 0;
v0x158f9650_0 .var "x_reg1", 7 0;
v0x158f9780_0 .var "x_reg2", 7 0;
v0x158f9860_0 .var "y_out", 15 0;
E_0x158ad350 .event posedge, v0x158f93c0_0, v0x158e31d0_0;
    .scope S_0x158be580;
T_0 ;
    %wait E_0x158ad350;
    %load/vec4 v0x158f93c0_0;
    %flag_set/vec4 8;
    %jmp/0xz  T_0.0, 8;
    %pushi/vec4 0, 0, 8;
    %assign/vec4 v0x158f9570_0, 0;
    %pushi/vec4 0, 0, 8;
    %assign/vec4 v0x158f9650_0, 0;
    %pushi/vec4 0, 0, 8;
    %assign/vec4 v0x158f9780_0, 0;
    %pushi/vec4 0, 0, 16;
    %assign/vec4 v0x158f9860_0, 0;
    %jmp T_0.1;
T_0.0 ;
    %load/vec4 v0x158f9650_0;
    %assign/vec4 v0x158f9780_0, 0;
    %load/vec4 v0x158f9570_0;
    %assign/vec4 v0x158f9650_0, 0;
    %load/vec4 v0x158f9480_0;
    %assign/vec4 v0x158f9570_0, 0;
    %load/vec4 v0x158f9570_0;
    %pad/u 32;
    %muli 1, 0, 32;
    %load/vec4 v0x158f9650_0;
    %pad/u 32;
    %muli 2, 0, 32;
    %add;
    %load/vec4 v0x158f9780_0;
    %pad/u 32;
    %muli 1, 0, 32;
    %add;
    %pad/u 16;
    %assign/vec4 v0x158f9860_0, 0;
T_0.1 ;
    %jmp T_0;
    .thread T_0;
    .scope S_0x158e5620;
T_1 ;
    %delay 5000, 0;
    %load/vec4 v0x158f99c0_0;
    %inv;
    %store/vec4 v0x158f99c0_0, 0, 1;
    %jmp T_1;
    .thread T_1;
    .scope S_0x158e5620;
T_2 ;
    %vpi_call/w 3 21 "$dumpfile", "fir.vcd" {0 0 0};
    %vpi_call/w 3 22 "$dumpvars", 32'sb00000000000000000000000000000000, S_0x158e5620 {0 0 0};
    %pushi/vec4 0, 0, 1;
    %store/vec4 v0x158f99c0_0, 0, 1;
    %pushi/vec4 1, 0, 1;
    %store/vec4 v0x158f9ab0_0, 0, 1;
    %pushi/vec4 0, 0, 8;
    %store/vec4 v0x158f9b80_0, 0, 8;
    %delay 10000, 0;
    %pushi/vec4 0, 0, 1;
    %store/vec4 v0x158f9ab0_0, 0, 1;
    %delay 10000, 0;
    %pushi/vec4 10, 0, 8;
    %store/vec4 v0x158f9b80_0, 0, 8;
    %delay 10000, 0;
    %pushi/vec4 20, 0, 8;
    %store/vec4 v0x158f9b80_0, 0, 8;
    %delay 10000, 0;
    %pushi/vec4 30, 0, 8;
    %store/vec4 v0x158f9b80_0, 0, 8;
    %delay 10000, 0;
    %pushi/vec4 0, 0, 8;
    %store/vec4 v0x158f9b80_0, 0, 8;
    %delay 10000, 0;
    %pushi/vec4 5, 0, 8;
    %store/vec4 v0x158f9b80_0, 0, 8;
    %delay 50000, 0;
    %vpi_call/w 3 35 "$finish" {0 0 0};
    %end;
    .thread T_2;
# The file index is used to find the file name in the following table.
:file_names 5;
    "N/A";
    "<interactive>";
    "-";
    "testbench.sv";
    "design.sv";
